commit d1acf661eb7af3fa99ec41caab7a7df55ec790bf
Author: saltwalks <ewqdsacxz2345@gmail.com>
Date:   Sat Jul 17 02:44:09 2021 +0900

    RESOLVE : es5 class extention problem / TODO : migrate all component to custom HTMLElement + routing system

commit 0d5e2745ecc1df87909292103ba567105abb5f27
Author: saltwalks <ewqdsacxz2345@gmail.com>
Date:   Sat Jul 17 00:42:59 2021 +0900

    start migrating components to custom HTMLElement

commit 4edfec5f87c06b044b9c3a5b061b1f2782a9982f
Author: saltwalks <ewqdsacxz2345@gmail.com>
Date:   Fri Jul 16 00:41:19 2021 +0900

    ONGOING : home component, routing system

commit 00de92605ab1c41d3a4f0c93d254e33da9170e76
Author: saltwalks <ewqdsacxz2345@gmail.com>
Date:   Thu Jul 15 21:08:02 2021 +0900

    DONE : aside css

commit c394074439eada2ca79762bc2eaeca565635c521
Author: saltwalks <ewqdsacxz2345@gmail.com>
Date:   Thu Jul 15 00:29:14 2021 +0900

    DONE : main page css / TODO : aside css + routing system

commit 56dc6cbb6ff1743c85ba005889f5a17235e383d6
Author: saltwalks <ewqdsacxz2345@gmail.com>
Date:   Wed Jul 14 00:29:06 2021 +0900

    Done : POST request / TODO : main page css + routing to sign-in, sign-up

commit 513f18e91e4cab69c345579bb1389ad2fbf706fa
Author: saltwalks <ewqdsacxz2345@gmail.com>
Date:   Tue Jul 13 23:57:20 2021 +0900

    Done : save, maintain, cancel note

commit a6ad6d203b1df71d266bed431d2c698a268cf24f
Author: saltwalks <ewqdsacxz2345@gmail.com>
Date:   Tue Jul 13 22:35:40 2021 +0900

    Done : new note css

commit 51f0cc4a6fc81e32aa717f46851702256bf26eb2
Author: saltwalks <ewqdsacxz2345@gmail.com>
Date:   Tue Jul 13 20:58:22 2021 +0900

    Done : migrate new note modal to component

commit 272971c3d92c13d37d9ee9c4e3f5cc6c9ef8b064
Author: saltwalks <ewqdsacxz2345@gmail.com>
Date:   Tue Jul 13 00:20:41 2021 +0900

    DONE : tab parsing + font + note css + code write auto indentation / TODO : request post method + new note css + cancel, save or maintain note creation

commit 38f001838edc9b719f831a1a0a7b8138f1b07213
Author: saltwalks <ewqdsacxz2345@gmail.com>
Date:   Mon Jul 12 00:58:13 2021 +0900

    DONE : create note modal / MODIFY : note rendering string -> innerText / TODO : tab parsing, request post method

commit 436ab714d714d8f036b41c22de012cca0c92f302
Author: saltwalks <ewqdsacxz2345@gmail.com>
Date:   Sun Jul 11 04:02:09 2021 +0900

    fix syntax

commit 9c792b17d637616b4e0cad5e07d86b3bea323cbc
Author: saltwalks <ewqdsacxz2345@gmail.com>
Date:   Sun Jul 11 03:45:53 2021 +0900

    Done : State management system for notes

commit 069f3403d9064bd064b5bee5191a8849063d231f
Author: saltwalks <ewqdsacxz2345@gmail.com>
Date:   Fri Jul 9 15:53:27 2021 +0900

    need branch

commit 0568505012f1432901c1e2b61b741f4a5d834454
Author: saltwalks <ewqdsacxz2345@gmail.com>
Date:   Wed Jul 7 23:39:07 2021 +0900

    Done : Basic layout

commit c5485b13d5bdbb61a009de42684a83a136ac9810
Author: saltwalks <ewqdsacxz2345@gmail.com>
Date:   Mon Jul 5 23:59:02 2021 +0900

    Done : Webpack font settings

commit ccd1c3fc85a361dbfd6ae08a418d3bfc51cfdcb2
Author: saltwalks <ewqdsacxz2345@gmail.com>
Date:   Mon Jul 5 23:55:22 2021 +0900

    Done : Basic webpack settings

commit ccd9d8ea36ee627b4dfd8f3766bdf85baf102ac0
Author: saltwalks <ewqdsacxz2345@gmail.com>
Date:   Mon Jul 5 23:00:58 2021 +0900

    SPLIT : Thoth front-end server project

commit 69cb28f9f5683876c82701dd7e51c2e3abaf169e
Author: saltwalks <ewqdsacxz2345@gmail.com>
Date:   Thu Jul 1 22:29:45 2021 +0900

    Done : CSS Grid Articles

commit 5af28f2b191898a983fb595e58cb24ae7e8937d8
Merge: e4548fa 21f3881
Author: saltwalks <ewqdsacxz2345@gmail.com>
Date:   Thu Jul 1 08:57:46 2021 +0900

    Merge branch 'main' of https://github.com/saltwalks/thoth
    Merge js-reorganization 2 main

commit e4548fa5afd3ebc73620ac3d58c331cbe63e5c69
Author: saltwalks <ewqdsacxz2345@gmail.com>
Date:   Wed Jun 30 22:03:26 2021 +0900

    Done : html articles + css font / flex article

commit 21f38814e44f7df18bb6ff610f456740674864eb
Merge: 520e8b0 5092101
Author: @haeramkeem <77822629+saltwalks@users.noreply.github.com>
Date:   Sat Jun 26 21:52:16 2021 +0900

    Merge pull request #1 from saltwalks/js-reorganization
    
    Js reorganization

commit 5092101e3ee65f9290c4722e2b9ebe7440e06718
Author: saltwalks <ewqdsacxz2345@gmail.com>
Date:   Sat Jun 19 23:23:32 2021 +0900

    update database content

commit 8f993d933952c3ef15fc499a57d415ef5ec90ac5
Author: saltwalks <ewqdsacxz2345@gmail.com>
Date:   Sun May 23 03:29:35 2021 +0900

    make page aggfunc, windowfunc + modify page groupby

commit 94e4ea081df419798e8f685c63a78f2a4a9f7668
Author: saltwalks <ewqdsacxz2345@gmail.com>
Date:   Wed May 19 00:49:03 2021 +0900

    complete join page + make subquery, set, hierarchy, view page

commit dd7379b7b42173a0a1f68d7e4a48d0351c322313
Author: saltwalks <ewqdsacxz2345@gmail.com>
Date:   Tue May 18 05:14:37 2021 +0900

    make whiteboards using js, add table, instance, select, from, where, orderby, groupby, join page of oracle category

commit 2e5510bd8123378d1ba56f3bf2b5d34d1eb0496d
Author: saltwalks <ewqdsacxz2345@gmail.com>
Date:   Mon May 17 05:13:40 2021 +0900

    root reorganized : add App.js, index.js

commit ed41c694e7a44baf1e007f59f8b8e1d9ea7a53da
Author: saltwalks <ewqdsacxz2345@gmail.com>
Date:   Mon May 17 05:12:22 2021 +0900

    root reorganized : add App.js, index.js

commit 520e8b0be3398b436eaa38c60f2285e0dc93ae5f
Author: saltwalks <ewqdsacxz2345@gmail.com>
Date:   Thu Mar 25 18:13:36 2021 +0900

    delete concept page

commit 70ff989ff94cc68d04a8157608be5fa04ffc35ec
Author: saltwalks <ewqdsacxz2345@gmail.com>
Date:   Mon Mar 22 03:51:55 2021 +0900

    20210322

commit b7edfa5e203479b5b0755ec04bf7ec6fc340dce8
Author: saltwalks <ewqdsacxz2345@gmail.com>
Date:   Sat Mar 20 01:53:40 2021 +0900

    20210320

commit f72aa505286ce4244dea5e9fcafb3d69872168a2
Author: saltwalks <77822629+saltwalks@users.noreply.github.com>
Date:   Sat Mar 20 01:00:35 2021 +0900

    Delete .DS_Store

commit bec3aca3a152f80fac03f582d269b55b2e2b7586
Author: saltwalks <ewqdsacxz2345@gmail.com>
Date:   Sat Mar 20 00:58:19 2021 +0900

    remove dsstore

commit 6b5d4e70e59458624e7449cee53e564382d93ce0
Author: saltwalks <ewqdsacxz2345@gmail.com>
Date:   Sat Mar 20 00:53:43 2021 +0900

    ds_store

commit 9e116e6dd199263eae273e23ec2a5c18effb9a28
Author: saltwalks <ewqdsacxz2345@gmail.com>
Date:   Sat Mar 20 00:49:43 2021 +0900

    shiit

commit 485753107d31aaa5501baab544991e803de78034
Author: saltwalks <77822629+saltwalks@users.noreply.github.com>
Date:   Sat Mar 20 00:39:43 2021 +0900

    Initial commit
